09/20/2017 08:39:52 PM 管理员:[admin]登陆成功
09/20/2017 08:48:27 PM 管理员:[admin]登陆成功
09/20/2017 08:49:21 PM 管理员:[admin]进行了创建学校!
09/20/2017 08:49:21 PM 管理员:[admin]进行了创建学校!
09/20/2017 08:49:49 PM 管理员:[admin]登陆成功
09/20/2017 08:50:10 PM 管理员:[admin]进行了创建学校!
09/20/2017 08:50:10 PM 管理员:[admin]进行了创建学校!
09/20/2017 08:50:32 PM 管理员:[admin]进行了查看学校信息!
09/20/2017 08:50:32 PM 管理员:[admin]进行了查看学校信息!
09/20/2017 08:50:32 PM 管理员:[admin]进行了查看学校信息!
09/20/2017 08:51:10 PM 管理员:[admin]进行了创建课程!
09/20/2017 08:51:10 PM 管理员:[admin]进行了创建课程!
09/20/2017 08:51:10 PM 管理员:[admin]进行了创建课程!
09/20/2017 08:51:10 PM 管理员:[admin]进行了创建课程!
09/20/2017 08:51:38 PM 管理员:[admin]进行了查看课程信息!
09/20/2017 08:51:38 PM 管理员:[admin]进行了查看课程信息!
09/20/2017 08:51:38 PM 管理员:[admin]进行了查看课程信息!
09/20/2017 08:51:38 PM 管理员:[admin]进行了查看课程信息!
09/20/2017 08:51:38 PM 管理员:[admin]进行了查看课程信息!
09/20/2017 08:53:17 PM 管理员:[admin]登陆成功
09/20/2017 08:53:42 PM 管理员:[admin]进行了创建讲师!
09/20/2017 08:53:42 PM 管理员:[admin]进行了创建讲师!
09/20/2017 08:54:01 PM 管理员:[admin]进行了查看讲师信息!
09/20/2017 08:54:01 PM 管理员:[admin]进行了查看讲师信息!
09/20/2017 08:54:01 PM 管理员:[admin]进行了查看讲师信息!
09/20/2017 08:55:09 PM 管理员:[admin]登陆成功
09/20/2017 08:55:21 PM 管理员:[admin]进行了课程与讲师关联!
09/20/2017 08:55:21 PM 管理员:[admin]进行了课程与讲师关联!
09/20/2017 08:55:41 PM 管理员:[admin]进行了查看课程与讲师关联!
09/20/2017 08:55:41 PM 管理员:[admin]进行了查看课程与讲师关联!
09/20/2017 08:55:41 PM 管理员:[admin]进行了查看课程与讲师关联!
09/20/2017 08:56:22 PM 管理员:[admin]进行了创建班级!
09/20/2017 08:56:22 PM 管理员:[admin]进行了创建班级!
09/20/2017 08:56:22 PM 管理员:[admin]进行了创建班级!
09/20/2017 08:56:22 PM 管理员:[admin]进行了创建班级!
09/20/2017 08:57:25 PM 管理员:[admin]进行了查看班级信息!
09/20/2017 08:57:25 PM 管理员:[admin]进行了查看班级信息!
09/20/2017 08:57:25 PM 管理员:[admin]进行了查看班级信息!
09/20/2017 08:57:25 PM 管理员:[admin]进行了查看班级信息!
09/20/2017 08:57:25 PM 管理员:[admin]进行了查看班级信息!
09/20/2017 08:58:31 PM 管理员:[admin]进行了创建学员!
09/20/2017 08:58:31 PM 管理员:[admin]进行了创建学员!
09/20/2017 08:58:31 PM 管理员:[admin]进行了创建学员!
09/20/2017 08:58:31 PM 管理员:[admin]进行了创建学员!
09/20/2017 08:58:31 PM 管理员:[admin]进行了创建学员!
09/20/2017 08:58:31 PM 管理员:[admin]进行了创建学员!
09/20/2017 08:59:49 PM 管理员:[admin]登陆成功
09/20/2017 09:00:28 PM 管理员:[admin]登陆成功
09/20/2017 09:01:01 PM 管理员:[admin]登陆成功
09/20/2017 09:01:03 PM 管理员:[admin]进行了查看学员信息!
09/20/2017 09:01:03 PM 管理员:[admin]进行了查看学员信息!
09/20/2017 09:02:25 PM 管理员:[admin] 已经成功退出管理视图
09/20/2017 09:02:25 PM 管理员:[admin] 已经成功退出管理视图
09/20/2017 09:02:25 PM 管理员:[admin] 已经成功退出管理视图
09/20/2017 09:26:12 PM 管理员:[admin]登陆成功
09/20/2017 09:26:33 PM 管理员:[admin]进行了创建学校!
09/20/2017 09:26:33 PM 管理员:[admin]进行了创建学校!
09/20/2017 09:27:13 PM 管理员:[admin]进行了创建课程!
09/20/2017 09:27:13 PM 管理员:[admin]进行了创建课程!
09/20/2017 09:27:13 PM 管理员:[admin]进行了创建课程!
09/20/2017 09:27:42 PM 管理员:[admin]进行了创建讲师!
09/20/2017 09:27:42 PM 管理员:[admin]进行了创建讲师!
09/20/2017 09:27:42 PM 管理员:[admin]进行了创建讲师!
09/20/2017 09:27:42 PM 管理员:[admin]进行了创建讲师!
09/20/2017 09:28:28 PM 管理员:[admin]进行了创建讲师!
09/20/2017 09:28:28 PM 管理员:[admin]进行了创建讲师!
09/20/2017 09:28:28 PM 管理员:[admin]进行了创建讲师!
09/20/2017 09:28:28 PM 管理员:[admin]进行了创建讲师!
09/20/2017 09:28:28 PM 管理员:[admin]进行了创建讲师!
